"D:/My Documents/Final Year Project/Prototypes/BoidsProject/BoidsProject.uproject" 1
"../../../Engine/Plugins/2D/Paper2D/Paper2D.uplugin" 2
"../../../Engine/Plugins/Blendables/LightPropagationVolume/LightPropagationVolume.uplugin" 3
"../../../Engine/Plugins/Developer/BlankPlugin/BlankPlugin.uplugin" 4
"../../../Engine/Plugins/Developer/CodeLiteSourceCodeAccess/CodeLiteSourceCodeAccess.uplugin" 5
"../../../Engine/Plugins/Developer/GitSourceControl/GitSourceControl.uplugin" 6
"../../../Engine/Plugins/Developer/KDevelopSourceCodeAccess/KDevelopSourceCodeAccess.uplugin" 7
"../../../Engine/Plugins/Developer/NullSourceCodeAccess/NullSourceCodeAccess.uplugin" 8
"../../../Engine/Plugins/Developer/OneSkyLocalizationService/OneSkyLocalizationService.uplugin" 9
"../../../Engine/Plugins/Developer/PerforceSourceControl/PerforceSourceControl.uplugin" 10
"../../../Engine/Plugins/Developer/SubversionSourceControl/SubversionSourceControl.uplugin" 11
"../../../Engine/Plugins/Developer/UObjectPlugin/UObjectPlugin.uplugin" 12
"../../../Engine/Plugins/Developer/VisualStudioSourceCodeAccess/VisualStudioSourceCodeAccess.uplugin" 13
"../../../Engine/Plugins/Developer/XCodeSourceCodeAccess/XCodeSourceCodeAccess.uplugin" 14
"../../../Engine/Plugins/Editor/EpicSurvey/EpicSurvey.uplugin" 15
"../../../Engine/Plugins/Editor/MacGraphicsSwitching/MacGraphicsSwitching.uplugin" 16
"../../../Engine/Plugins/Editor/PluginBrowser/PluginBrowser.uplugin" 17
"../../../Engine/Plugins/Editor/SpeedTreeImporter/SpeedTreeImporter.uplugin" 18
"../../../Engine/Plugins/Experimental/BlueprintStats/BlueprintStats.uplugin" 19
"../../../Engine/Plugins/Experimental/CharacterAI/CharacterAI.uplugin" 20
"../../../Engine/Plugins/Experimental/CodeEditor/CodeEditor.uplugin" 21
"../../../Engine/Plugins/Experimental/CodeView/CodeView.uplugin" 22
"../../../Engine/Plugins/Experimental/HTML5Networking/HTML5Networking.uplugin" 23
"../../../Engine/Plugins/Experimental/LiveEditor/LiveEditor.uplugin" 24
"../../../Engine/Plugins/Experimental/Phya/Phya.uplugin" 25
"../../../Engine/Plugins/Experimental/SimpleHMD/SimpleHMD.uplugin" 26
"../../../Engine/Plugins/Experimental/StructBox/StructBox.uplugin" 27
"../../../Engine/Plugins/Media/AndroidMedia/AndroidMedia.uplugin" 28
"../../../Engine/Plugins/Media/AvfMedia/AvfMedia.uplugin" 29
"../../../Engine/Plugins/Media/MediaPlayerEditor/MediaPlayerEditor.uplugin" 30
"../../../Engine/Plugins/Media/WmfMedia/WmfMedia.uplugin" 31
"../../../Engine/Plugins/Messaging/MessagingDebugger/MessagingDebugger.uplugin" 32
"../../../Engine/Plugins/Messaging/UdpMessaging/UdpMessaging.uplugin" 33
"../../../Engine/Plugins/NetcodeUnitTest/NetcodeUnitTest/NetcodeUnitTest.uplugin" 34
"../../../Engine/Plugins/NetcodeUnitTest/NUTUnrealEngine4/NUTUnrealEngine4.uplugin" 35
"../../../Engine/Plugins/Runtime/Advertising/IOSTapJoy/IOSTapJoy.uplugin" 36
"../../../Engine/Plugins/Runtime/Analytics/AnalyticsBlueprintLibrary/AnalyticsBlueprintLibrary.uplugin" 37
"../../../Engine/Plugins/Runtime/Analytics/AnalyticsMulticast/AnalyticsMulticast.uplugin" 38
"../../../Engine/Plugins/Runtime/Analytics/Apsalar/IOSApsalar/IOSApsalar.uplugin" 39
"../../../Engine/Plugins/Runtime/Analytics/FileLogging/FileLogging.uplugin" 40
"../../../Engine/Plugins/Runtime/Analytics/Flurry/IOSFlurry/IOSFlurry.uplugin" 41
"../../../Engine/Plugins/Runtime/AndroidDeviceProfileSelector/AndroidDeviceProfileSelector.uplugin" 42
"../../../Engine/Plugins/Runtime/AndroidMoviePlayer/AndroidMoviePlayer.uplugin" 43
"../../../Engine/Plugins/Runtime/AppleMoviePlayer/AppleMoviePlayer.uplugin" 44
"../../../Engine/Plugins/Runtime/ArchVisCharacter/ArchVisCharacter.uplugin" 45
"../../../Engine/Plugins/Runtime/CableComponent/CableComponent.uplugin" 46
"../../../Engine/Plugins/Runtime/CustomMeshComponent/CustomMeshComponent.uplugin" 47
"../../../Engine/Plugins/Runtime/ExampleDeviceProfileSelector/ExampleDeviceProfileSelector.uplugin" 48
"../../../Engine/Plugins/Runtime/GearVR/GearVR.uplugin" 49
"../../../Engine/Plugins/Runtime/IOSDeviceProfileSelector/IOSDeviceProfileSelector.uplugin" 50
"../../../Engine/Plugins/Runtime/LeapMotionController/LeapMotionController.uplugin" 51
"../../../Engine/Plugins/Runtime/LiveEditorListenServer/LiveEditorListenServer.uplugin" 52
"../../../Engine/Plugins/Runtime/OculusAudio/OculusAudio.uplugin" 53
"../../../Engine/Plugins/Runtime/OculusLibrary/OculusLibrary.uplugin" 54
"../../../Engine/Plugins/Runtime/OculusRift/OculusRift.uplugin" 55
"../../../Engine/Plugins/Runtime/ProceduralMeshComponent/ProceduralMeshComponent.uplugin" 56
"../../../Engine/Plugins/Runtime/SoundMod/SoundMod.uplugin" 57
"../../../Engine/Plugins/Runtime/SoundVisualizations/SoundVisualizations.uplugin" 58
"../../../Engine/Plugins/Runtime/Steam/SteamController/SteamController.uplugin" 59
"../../../Engine/Plugins/Runtime/Steam/SteamVR/SteamVR.uplugin" 60
"../../../Engine/Plugins/Runtime/WebBrowserWidget/WebBrowserWidget.uplugin" 61
"../../../Engine/Plugins/Runtime/WindowsDeviceProfileSelector/WindowsDeviceProfileSelector.uplugin" 62
"../../../Engine/Plugins/Runtime/WindowsMoviePlayer/WindowsMoviePlayer.uplugin" 63
"../../../Engine/Plugins/ScriptGeneratorPlugin/ScriptGeneratorPlugin.uplugin" 64
"../../../Engine/Plugins/ScriptPlugin/ScriptPlugin.uplugin" 65
"../../../Engine/Plugins/Slate/SlateRemote/SlateRemote.uplugin" 66
"..\..\..\Engine\Content\Internationalization\icudt53l\cnvalias.icu" 67
"..\..\..\Engine\Content\Internationalization\icudt53l\en_US_POSIX.res" 68
"..\..\..\Engine\Content\Internationalization\icudt53l\pool.res" 69
"..\..\..\Engine\Content\Internationalization\icudt53l\en_US.res" 70
"..\..\..\Engine\Content\Internationalization\icudt53l\en.res" 71
"..\..\..\Engine\Content\Internationalization\icudt53l\root.res" 72
"..\..\..\Engine\Content\Internationalization\icudt53l\en_GB.res" 73
"..\..\..\Engine\Content\Internationalization\icudt53l\en_001.res" 74
"C:/Users/Rebekah/AppData/Local/UnrealEngine/4.9/Saved/Config/Windows/Manifest.ini" 75
"../../../Engine/Config/Base.ini" 76
"../../../Engine/Config/BaseEngine.ini" 77
"D:/My Documents/Final Year Project/Prototypes/BoidsProject/Config/DefaultEngine.ini" 78
"../../../Engine/Config/Windows/WindowsEngine.ini" 79
"D:/My Documents/Final Year Project/Prototypes/BoidsProject/Saved/Config/Windows/Engine.ini" 80
"../../../../../../My Documents/Final Year Project/Prototypes/BoidsProject/Intermediate/Config/CoalescedSourceConfigs/Engine.ini" 81
"../../../Engine/Config/BaseGame.ini" 82
"D:/My Documents/Final Year Project/Prototypes/BoidsProject/Config/DefaultGame.ini" 83
"D:/My Documents/Final Year Project/Prototypes/BoidsProject/Saved/Config/Windows/Game.ini" 84
"../../../../../../My Documents/Final Year Project/Prototypes/BoidsProject/Intermediate/Config/CoalescedSourceConfigs/Game.ini" 85
"../../../Engine/Config/BaseInput.ini" 86
"D:/My Documents/Final Year Project/Prototypes/BoidsProject/Saved/Config/Windows/Input.ini" 87
"../../../../../../My Documents/Final Year Project/Prototypes/BoidsProject/Intermediate/Config/CoalescedSourceConfigs/Input.ini" 88
"../../../Engine/Config/BaseEditor.ini" 89
"D:/My Documents/Final Year Project/Prototypes/BoidsProject/Config/DefaultEditor.ini" 90
"D:/My Documents/Final Year Project/Prototypes/BoidsProject/Saved/Config/Windows/Editor.ini" 91
"../../../../../../My Documents/Final Year Project/Prototypes/BoidsProject/Intermediate/Config/CoalescedSourceConfigs/Editor.ini" 92
"../../../Engine/Config/BaseEditorPerProjectUserSettings.ini" 93
"D:/My Documents/Final Year Project/Prototypes/BoidsProject/Saved/Config/Windows/EditorPerProjectUserSettings.ini" 94
"../../../../../../My Documents/Final Year Project/Prototypes/BoidsProject/Intermediate/Config/CoalescedSourceConfigs/EditorPerProjectUserSettings.ini" 95
"../../../Engine/Config/BaseEditorSettings.ini" 96
"C:/Users/Rebekah/AppData/Local/UnrealEngine/4.9/Saved/Config/Windows/EditorSettings.ini" 97
"../../../../../../My Documents/Final Year Project/Prototypes/BoidsProject/Intermediate/Config/CoalescedSourceConfigs/EditorSettings.ini" 98
"../../../Engine/Config/BaseEditorLayout.ini" 99
"C:/Users/Rebekah/AppData/Local/UnrealEngine/4.9/Saved/Config/Windows/EditorLayout.ini" 100
"../../../../../../My Documents/Final Year Project/Prototypes/BoidsProject/Intermediate/Config/CoalescedSourceConfigs/EditorLayout.ini" 101
"../../../Engine/Config/BaseEditorKeyBindings.ini" 102
"C:/Users/Rebekah/AppData/Local/UnrealEngine/4.9/Saved/Config/Windows/EditorKeyBindings.ini" 103
"../../../../../../My Documents/Final Year Project/Prototypes/BoidsProject/Intermediate/Config/CoalescedSourceConfigs/EditorKeyBindings.ini" 104
"../../../Engine/Config/BaseCompat.ini" 105
"D:/My Documents/Final Year Project/Prototypes/BoidsProject/Saved/Config/Windows/Compat.ini" 106
"../../../../../../My Documents/Final Year Project/Prototypes/BoidsProject/Intermediate/Config/CoalescedSourceConfigs/Compat.ini" 107
"../../../Engine/Config/BaseLightmass.ini" 108
"D:/My Documents/Final Year Project/Prototypes/BoidsProject/Saved/Config/Windows/Lightmass.ini" 109
"../../../../../../My Documents/Final Year Project/Prototypes/BoidsProject/Intermediate/Config/CoalescedSourceConfigs/Lightmass.ini" 110
"../../../Engine/Config/BaseScalability.ini" 111
"D:/My Documents/Final Year Project/Prototypes/BoidsProject/Saved/Config/Windows/Scalability.ini" 112
"../../../../../../My Documents/Final Year Project/Prototypes/BoidsProject/Intermediate/Config/CoalescedSourceConfigs/Scalability.ini" 113
"D:/My Documents/Final Year Project/Prototypes/BoidsProject/Saved/Config/Windows/GameUserSettings.ini" 114
"../../../../../../My Documents/Final Year Project/Prototypes/BoidsProject/Intermediate/Config/CoalescedSourceConfigs/GameUserSettings.ini" 115
"../../../Engine/Config/BaseDeviceProfiles.ini" 116
"D:/My Documents/Final Year Project/Prototypes/BoidsProject/Saved/Config/Windows/DeviceProfiles.ini" 117
"../../../../../../My Documents/Final Year Project/Prototypes/BoidsProject/Intermediate/Config/CoalescedSourceConfigs/DeviceProfiles.ini" 118
"../../../Engine/Config/ConsoleVariables.ini" 119
"..\..\..\Engine\Content\Internationalization\icudt53l\es.res" 120
"..\..\..\Engine\Content\Internationalization\icudt53l\ja.res" 121
"..\..\..\Engine\Content\Internationalization\icudt53l\ko.res" 122
"..\..\..\Engine\Content\Internationalization\icudt53l\pt_BR.res" 123
"..\..\..\Engine\Content\Internationalization\icudt53l\pt.res" 124
"..\..\..\Engine\Content\Internationalization\icudt53l\zh_CN.res" 125
"..\..\..\Engine\Content\Internationalization\icudt53l\zh_Hans_CN.res" 126
"..\..\..\Engine\Content\Internationalization\icudt53l\zh_Hans.res" 127
"..\..\..\Engine\Content\Internationalization\icudt53l\zh.res" 128
"D:/Program Files HDD/Epic Games/4.9/Engine/Content/Localization/Editor/en/Editor.locres" 129
"D:/Program Files HDD/Epic Games/4.9/Engine/Content/Localization/EditorTutorials/en/EditorTutorials.locres" 130
"D:/Program Files HDD/Epic Games/4.9/Engine/Content/Localization/Keywords/en/Keywords.locres" 131
"D:/Program Files HDD/Epic Games/4.9/Engine/Content/Localization/Category/en/Category.locres" 132
"D:/Program Files HDD/Epic Games/4.9/Engine/Content/Localization/ToolTips/en/ToolTips.locres" 133
"D:/Program Files HDD/Epic Games/4.9/Engine/Content/Localization/PropertyNames/en/PropertyNames.locres" 134
"D:/Program Files HDD/Epic Games/4.9/Engine/Content/Localization/Engine/en/Engine.locres" 135
"../../../Engine/Content/Slate/Fonts/Roboto-Regular.ttf" 136
"../../../Engine/Content/Slate/Fonts/DroidSansMono.ttf" 137
"../../../Engine/Content/Slate/Fonts/Roboto-Bold.ttf" 138
"../../../Engine/Content/Slate/Fonts/Roboto-Light.ttf" 139
"D:/Program Files HDD/Epic Games/4.9/Engine/Binaries/Win64/../../../Engine/Shaders/ParticleSpriteVertexFactory.usf" 140
"D:/Program Files HDD/Epic Games/4.9/Engine/Binaries/Win64/../../../Engine/Shaders/VertexFactoryCommon.usf" 141
"D:/Program Files HDD/Epic Games/4.9/Engine/Binaries/Win64/../../../Engine/Shaders/Common.usf" 142
"D:/Program Files HDD/Epic Games/4.9/Engine/Binaries/Win64/../../../Engine/Shaders/MetalCommon.usf" 143
"D:/Program Files HDD/Epic Games/4.9/Engine/Binaries/Win64/../../../Engine/Shaders/ShaderVersion.usf" 144
"D:/Program Files HDD/Epic Games/4.9/Engine/Binaries/Win64/../../../Engine/Shaders/CommonViewUniformBuffer.usf" 145
"D:/Program Files HDD/Epic Games/4.9/Engine/Binaries/Win64/../../../Engine/Shaders/Definitions.usf" 146
"D:/Program Files HDD/Epic Games/4.9/Engine/Binaries/Win64/../../../Engine/Shaders/Random.usf" 147
"D:/Program Files HDD/Epic Games/4.9/Engine/Binaries/Win64/../../../Engine/Shaders/ParticleVertexFactoryCommon.usf" 148
"D:/Program Files HDD/Epic Games/4.9/Engine/Binaries/Win64/../../../Engine/Shaders/ParticleGPUSpriteVertexFactory.usf" 149
"D:/Program Files HDD/Epic Games/4.9/Engine/Binaries/Win64/../../../Engine/Shaders/ParticleBeamTrailVertexFactory.usf" 150
"D:/Program Files HDD/Epic Games/4.9/Engine/Binaries/Win64/../../../Engine/Shaders/LocalVertexFactory.usf" 151
"D:/Program Files HDD/Epic Games/4.9/Engine/Binaries/Win64/../../../Engine/Shaders/LocalVertexFactoryCommon.usf" 152
"D:/Program Files HDD/Epic Games/4.9/Engine/Binaries/Win64/../../../Engine/Shaders/VectorFieldVisualizationVertexFactory.usf" 153
"D:/Program Files HDD/Epic Games/4.9/Engine/Binaries/Win64/../../../Engine/Shaders/MeshParticleVertexFactory.usf" 154
"D:/Program Files HDD/Epic Games/4.9/Engine/Binaries/Win64/../../../Engine/Shaders/GpuSkinVertexFactory.usf" 155
"D:/Program Files HDD/Epic Games/4.9/Engine/Binaries/Win64/../../../Engine/Shaders/GpuSkinCacheCommon.usf" 156
"D:/Program Files HDD/Epic Games/4.9/Engine/Binaries/Win64/../../../Engine/Shaders/LandscapeVertexFactory.usf" 157
"D:/Program Files HDD/Epic Games/4.9/Engine/Binaries/Win64/../../../Engine/Shaders/SlateElementPixelShader.usf" 158
"D:/Program Files HDD/Epic Games/4.9/Engine/Binaries/Win64/../../../Engine/Shaders/GammaCorrectionCommon.usf" 159
"D:/Program Files HDD/Epic Games/4.9/Engine/Binaries/Win64/../../../Engine/Shaders/MaterialTemplate.usf" 160
"D:/Program Files HDD/Epic Games/4.9/Engine/Binaries/Win64/../../../Engine/Shaders/DepthOfFieldCommon.usf" 161
"D:/Program Files HDD/Epic Games/4.9/Engine/Binaries/Win64/../../../Engine/Shaders/GlobalDistanceFieldShared.usf" 162
"D:/Program Files HDD/Epic Games/4.9/Engine/Binaries/Win64/../../../Engine/Shaders/SpeedTreeCommon.usf" 163
"D:/Program Files HDD/Epic Games/4.9/Engine/Binaries/Win64/../../../Engine/Shaders/AtmosphereCommon.usf" 164
"D:/Program Files HDD/Epic Games/4.9/Engine/Binaries/Win64/../../../Engine/Shaders/PaniniProjection.usf" 165
"D:/Program Files HDD/Epic Games/4.9/Engine/Binaries/Win64/../../../Engine/Shaders/EyeAdaptationCommon.usf" 166
"D:/Program Files HDD/Epic Games/4.9/Engine/Binaries/Win64/../../../Engine/Shaders/PostProcessCommon.usf" 167
"D:/Program Files HDD/Epic Games/4.9/Engine/Binaries/Win64/../../../Engine/Shaders/DeferredShadingCommon.usf" 168
"D:/Program Files HDD/Epic Games/4.9/Engine/Binaries/Win64/../../../Engine/Shaders/LightAccumulator.usf" 169
"D:/Program Files HDD/Epic Games/4.9/Engine/Binaries/Win64/../../../Engine/Shaders/SlateVertexShader.usf" 170
"D:/Program Files HDD/Epic Games/4.9/Engine/Binaries/Win64/../../../Engine/Shaders/ParticleSortKeyGen.usf" 171
"D:/Program Files HDD/Epic Games/4.9/Engine/Binaries/Win64/../../../Engine/Shaders/ParticleBoundsShader.usf" 172
"D:/Program Files HDD/Epic Games/4.9/Engine/Binaries/Win64/../../../Engine/Shaders/ParticleSimVisualizeShader.usf" 173
"D:/Program Files HDD/Epic Games/4.9/Engine/Binaries/Win64/../../../Engine/Shaders/ParticleInjectionShader.usf" 174
"D:/Program Files HDD/Epic Games/4.9/Engine/Binaries/Win64/../../../Engine/Shaders/ParticleSimulationShader.usf" 175
"D:/Program Files HDD/Epic Games/4.9/Engine/Binaries/Win64/../../../Engine/Shaders/ParticleCurveInjectionShader.usf" 176
"D:/Program Files HDD/Epic Games/4.9/Engine/Binaries/Win64/../../../Engine/Shaders/VectorFieldCompositeShaders.usf" 177
"D:/Program Files HDD/Epic Games/4.9/Engine/Binaries/Win64/../../../Engine/Shaders/UpdateTextureShaders.usf" 178
"D:/Program Files HDD/Epic Games/4.9/Engine/Binaries/Win64/../../../Engine/Shaders/SimpleElementColorChannelMaskPixelShader.usf" 179
"D:/Program Files HDD/Epic Games/4.9/Engine/Binaries/Win64/../../../Engine/Shaders/SimpleElementPixelShader.usf" 180
"D:/Program Files HDD/Epic Games/4.9/Engine/Binaries/Win64/../../../Engine/Shaders/ColorUtils.usf" 181
"D:/Program Files HDD/Epic Games/4.9/Engine/Binaries/Win64/../../../Engine/Shaders/IESLightProfilesCommon.usf" 182
"D:/Program Files HDD/Epic Games/4.9/Engine/Binaries/Win64/../../../Engine/Shaders/SimpleElementHitProxyPixelShader.usf" 183
"D:/Program Files HDD/Epic Games/4.9/Engine/Binaries/Win64/../../../Engine/Shaders/SimpleElementVertexShader.usf" 184
"D:/Program Files HDD/Epic Games/4.9/Engine/Binaries/Win64/../../../Engine/Shaders/ScreenVertexShader.usf" 185
"D:/Program Files HDD/Epic Games/4.9/Engine/Binaries/Win64/../../../Engine/Shaders/ScreenPixelShader.usf" 186
"D:/Program Files HDD/Epic Games/4.9/Engine/Binaries/Win64/../../../Engine/Shaders/RadixSortShaders.usf" 187
"D:/Program Files HDD/Epic Games/4.9/Engine/Binaries/Win64/../../../Engine/Shaders/GpuSkinCacheComputeShader.usf" 188
"D:/Program Files HDD/Epic Games/4.9/Engine/Binaries/Win64/../../../Engine/Shaders/NullPixelShader.usf" 189
"D:/Program Files HDD/Epic Games/4.9/Engine/Binaries/Win64/../../../Engine/Shaders/LandscapeGrassWeight.usf" 190
"D:/Program Files HDD/Epic Games/4.9/Engine/Binaries/Win64/../../../Engine/Shaders/VisualizeTexture.usf" 191
"D:/Program Files HDD/Epic Games/4.9/Engine/Binaries/Win64/../../../Engine/Shaders/ScreenSpaceReflections.usf" 192
"D:/Program Files HDD/Epic Games/4.9/Engine/Binaries/Win64/../../../Engine/Shaders/BRDF.usf" 193
"D:/Program Files HDD/Epic Games/4.9/Engine/Binaries/Win64/../../../Engine/Shaders/MonteCarlo.usf" 194
"D:/Program Files HDD/Epic Games/4.9/Engine/Binaries/Win64/../../../Engine/Shaders/ScreenSpaceRayCast.usf" 195
"D:/Program Files HDD/Epic Games/4.9/Engine/Binaries/Win64/../../../Engine/Shaders/FilterVertexShader.usf" 196
"D:/Program Files HDD/Epic Games/4.9/Engine/Binaries/Win64/../../../Engine/Shaders/FilterPixelShader.usf" 197
"D:/Program Files HDD/Epic Games/4.9/Engine/Binaries/Win64/../../../Engine/Shaders/PostProcessVisualizeHDR.usf" 198
"D:/Program Files HDD/Epic Games/4.9/Engine/Binaries/Win64/../../../Engine/Shaders/PostProcessHistogramCommon.usf" 199
"D:/Program Files HDD/Epic Games/4.9/Engine/Binaries/Win64/../../../Engine/Shaders/TonemapCommon.usf" 200
"D:/Program Files HDD/Epic Games/4.9/Engine/Binaries/Win64/../../../Engine/Shaders/ACES.usf" 201
"D:/Program Files HDD/Epic Games/4.9/Engine/Binaries/Win64/../../../Engine/Shaders/MiniFontCommon.usf" 202
"D:/Program Files HDD/Epic Games/4.9/Engine/Binaries/Win64/../../../Engine/Shaders/PostProcessVisualizeBuffer.usf" 203
"D:/Program Files HDD/Epic Games/4.9/Engine/Binaries/Win64/../../../Engine/Shaders/PostProcessUpscale.usf" 204
"D:/Program Files HDD/Epic Games/4.9/Engine/Binaries/Win64/../../../Engine/Shaders/PostProcessTonemap.usf" 205
"D:/Program Files HDD/Epic Games/4.9/Engine/Binaries/Win64/../../../Engine/Shaders/PostProcessTestImage.usf" 206
"D:/Program Files HDD/Epic Games/4.9/Engine/Binaries/Win64/../../../Engine/Shaders/PostProcessTemporalAA.usf" 207
"D:/Program Files HDD/Epic Games/4.9/Engine/Binaries/Win64/../../../Engine/Shaders/PostProcessTemporalCommon.usf" 208
"D:/Program Files HDD/Epic Games/4.9/Engine/Binaries/Win64/../../../Engine/Shaders/PostProcessSubsurface.usf" 209
"D:/Program Files HDD/Epic Games/4.9/Engine/Binaries/Win64/../../../Engine/Shaders/SeparableSSS.usf" 210
"D:/Program Files HDD/Epic Games/4.9/Engine/Binaries/Win64/../../../Engine/Shaders/PostProcessSelectionOutline.usf" 211
"D:/Program Files HDD/Epic Games/4.9/Engine/Binaries/Win64/../../../Engine/Shaders/PostProcessSceneColorFringe.usf" 212
"D:/Program Files HDD/Epic Games/4.9/Engine/Binaries/Win64/../../../Engine/Shaders/PostProcessNoiseBlur.usf" 213
"D:/Program Files HDD/Epic Games/4.9/Engine/Binaries/Win64/../../../Engine/Shaders/PostProcessMotionBlur.usf" 214
"D:/Program Files HDD/Epic Games/4.9/Engine/Binaries/Win64/../../../Engine/Shaders/FastMath.usf" 215
"D:/Program Files HDD/Epic Games/4.9/Engine/Binaries/Win64/../../../Engine/Shaders/PostProcessVelocityFlatten.usf" 216
"D:/Program Files HDD/Epic Games/4.9/Engine/Binaries/Win64/../../../Engine/Shaders/MorpheusInclude.usf" 217
"D:/Program Files HDD/Epic Games/4.9/Engine/Binaries/Win64/../../../Engine/Shaders/PostProcessMobile.usf" 218
"D:/Program Files HDD/Epic Games/4.9/Engine/Binaries/Win64/../../../Engine/Shaders/PostProcessMaterialShaders.usf" 219
"D:/Program Files HDD/Epic Games/4.9/Engine/Binaries/Win64/../../../Engine/Shaders/PostProcessLensFlares.usf" 220
"D:/Program Files HDD/Epic Games/4.9/Engine/Binaries/Win64/../../../Engine/Shaders/PostProcessLensBlur.usf" 221
"D:/Program Files HDD/Epic Games/4.9/Engine/Binaries/Win64/../../../Engine/Shaders/PostProcessBloom.usf" 222
"D:/Program Files HDD/Epic Games/4.9/Engine/Binaries/Win64/../../../Engine/Shaders/PostProcessHMD.usf" 223
"D:/Program Files HDD/Epic Games/4.9/Engine/Binaries/Win64/../../../Engine/Shaders/PostProcessHistogramReduce.usf" 224
"D:/Program Files HDD/Epic Games/4.9/Engine/Binaries/Win64/../../../Engine/Shaders/PostProcessHistogram.usf" 225
"D:/Program Files HDD/Epic Games/4.9/Engine/Binaries/Win64/../../../Engine/Shaders/PostProcessHierarchical.usf" 226
"D:/Program Files HDD/Epic Games/4.9/Engine/Binaries/Win64/../../../Engine/Shaders/PostProcessGBufferHints.usf" 227
"D:/Program Files HDD/Epic Games/4.9/Engine/Binaries/Win64/../../../Engine/Shaders/PostProcessEyeAdaptation.usf" 228
"D:/Program Files HDD/Epic Games/4.9/Engine/Binaries/Win64/../../../Engine/Shaders/PostProcessDownsample.usf" 229
"D:/Program Files HDD/Epic Games/4.9/Engine/Binaries/Win64/../../../Engine/Shaders/PostProcessDOF.usf" 230
"D:/Program Files HDD/Epic Games/4.9/Engine/Binaries/Win64/../../../Engine/Shaders/PostProcessCompositeEditorPrimitives.usf" 231
"D:/Program Files HDD/Epic Games/4.9/Engine/Binaries/Win64/../../../Engine/Shaders/PostProcessCombineLUTs.usf" 232
"D:/Program Files HDD/Epic Games/4.9/Engine/Binaries/Win64/../../../Engine/Shaders/PostProcessCircleDOF.usf" 233
"D:/Program Files HDD/Epic Games/4.9/Engine/Binaries/Win64/../../../Engine/Shaders/CircleDOFCommon.usf" 234
"D:/Program Files HDD/Epic Games/4.9/Engine/Binaries/Win64/../../../Engine/Shaders/PostProcessBusyWait.usf" 235
"D:/Program Files HDD/Epic Games/4.9/Engine/Binaries/Win64/../../../Engine/Shaders/PostProcessBokehDOF.usf" 236
"D:/Program Files HDD/Epic Games/4.9/Engine/Binaries/Win64/../../../Engine/Shaders/PostProcessVisualizeDOF.usf" 237
"D:/Program Files HDD/Epic Games/4.9/Engine/Binaries/Win64/../../../Engine/Shaders/FXAAShader.usf" 238
"D:/Program Files HDD/Epic Games/4.9/Engine/Binaries/Win64/../../../Engine/Shaders/Fxaa3_11.usf" 239
"D:/Program Files HDD/Epic Games/4.9/Engine/Binaries/Win64/../../../Engine/Shaders/PostProcessPassThrough.usf" 240
"D:/Program Files HDD/Epic Games/4.9/Engine/Binaries/Win64/../../../Engine/Shaders/PostProcessLpvIndirect.usf" 241
"D:/Program Files HDD/Epic Games/4.9/Engine/Binaries/Win64/../../../Engine/Shaders/DeferredLightingCommon.usf" 242
"D:/Program Files HDD/Epic Games/4.9/Engine/Binaries/Win64/../../../Engine/Shaders/DynamicLightingCommon.usf" 243
"D:/Program Files HDD/Epic Games/4.9/Engine/Binaries/Win64/../../../Engine/Shaders/ShadingModels.usf" 244
"D:/Program Files HDD/Epic Games/4.9/Engine/Binaries/Win64/../../../Engine/Shaders/LPVFinalPass.usf" 245
"D:/Program Files HDD/Epic Games/4.9/Engine/Binaries/Win64/../../../Engine/Shaders/LPVCommon.usf" 246
"D:/Program Files HDD/Epic Games/4.9/Engine/Binaries/Win64/../../../Engine/Shaders/DeferredDecal.usf" 247
"D:/Program Files HDD/Epic Games/4.9/Engine/Binaries/Win64/../../../Engine/Shaders/PostProcessAmbientOcclusion.usf" 248
"D:/Program Files HDD/Epic Games/4.9/Engine/Binaries/Win64/../../../Engine/Shaders/PostProcessAmbient.usf" 249
"D:/Program Files HDD/Epic Games/4.9/Engine/Binaries/Win64/../../../Engine/Shaders/CubemapCommon.usf" 250
"D:/Program Files HDD/Epic Games/4.9/Engine/Binaries/Win64/../../../Engine/Shaders/VelocityShader.usf" 251
"D:/Program Files HDD/Epic Games/4.9/Engine/Binaries/Win64/../../../Engine/Shaders/VelocityCommon.usf" 252
"D:/Program Files HDD/Epic Games/4.9/Engine/Binaries/Win64/../../../Engine/Shaders/Tessellation.usf" 253
"D:/Program Files HDD/Epic Games/4.9/Engine/Binaries/Win64/../../../Engine/Shaders/FlatTessellation.usf" 254
"D:/Program Files HDD/Epic Games/4.9/Engine/Binaries/Win64/../../../Engine/Shaders/PNTriangles.usf" 255
"D:/Program Files HDD/Epic Games/4.9/Engine/Binaries/Win64/../../../Engine/Shaders/TranslucentLightingShaders.usf" 256
"D:/Program Files HDD/Epic Games/4.9/Engine/Binaries/Win64/../../../Engine/Shaders/SHCommon.usf" 257
"D:/Program Files HDD/Epic Games/4.9/Engine/Binaries/Win64/../../../Engine/Shaders/ShadowProjectionCommon.usf" 258
"D:/Program Files HDD/Epic Games/4.9/Engine/Binaries/Win64/../../../Engine/Shaders/TranslucentLightInjectionShaders.usf" 259
"D:/Program Files HDD/Epic Games/4.9/Engine/Binaries/Win64/../../../Engine/Shaders/LightFunctionCommon.usf" 260
"D:/Program Files HDD/Epic Games/4.9/Engine/Binaries/Win64/../../../Engine/Shaders/TranslucentShadowDepthShaders.usf" 261
"D:/Program Files HDD/Epic Games/4.9/Engine/Binaries/Win64/../../../Engine/Shaders/ShadowDepthCommon.usf" 262
"D:/Program Files HDD/Epic Games/4.9/Engine/Binaries/Win64/../../../Engine/Shaders/TiledDeferredLightShaders.usf" 263
"D:/Program Files HDD/Epic Games/4.9/Engine/Binaries/Win64/../../../Engine/Shaders/SurfelTree.usf" 264
"D:/Program Files HDD/Epic Games/4.9/Engine/Binaries/Win64/../../../Engine/Shaders/DistanceFieldLightingShared.usf" 265
"D:/Program Files HDD/Epic Games/4.9/Engine/Binaries/Win64/../../../Engine/Shaders/SurfelMaterialShared.usf" 266
"D:/Program Files HDD/Epic Games/4.9/Engine/Binaries/Win64/../../../Engine/Shaders/DistanceFieldAOShared.usf" 267
"D:/Program Files HDD/Epic Games/4.9/Engine/Binaries/Win64/../../../Engine/Shaders/ShadowProjectionPixelShader.usf" 268
"D:/Program Files HDD/Epic Games/4.9/Engine/Binaries/Win64/../../../Engine/Shaders/ShadowFilteringCommon.usf" 269
"D:/Program Files HDD/Epic Games/4.9/Engine/Binaries/Win64/../../../Engine/Shaders/ShadowProjectionVertexShader.usf" 270
"D:/Program Files HDD/Epic Games/4.9/Engine/Binaries/Win64/../../../Engine/Shaders/ShadowDepthPixelShader.usf" 271
"D:/Program Files HDD/Epic Games/4.9/Engine/Binaries/Win64/../../../Engine/Shaders/LPVWriteVplCommon.usf" 272
"D:/Program Files HDD/Epic Games/4.9/Engine/Binaries/Win64/../../../Engine/Shaders/LPVWriteCommon.usf" 273
"D:/Program Files HDD/Epic Games/4.9/Engine/Binaries/Win64/../../../Engine/Shaders/ShadowDepthVertexShader.usf" 274
"D:/Program Files HDD/Epic Games/4.9/Engine/Binaries/Win64/../../../Engine/Shaders/ShaderComplexityApplyPixelShader.usf" 275
"D:/Program Files HDD/Epic Games/4.9/Engine/Binaries/Win64/../../../Engine/Shaders/ShaderComplexityApplyVertexShader.usf" 276
"D:/Program Files HDD/Epic Games/4.9/Engine/Binaries/Win64/../../../Engine/Shaders/ShaderComplexityAccumulatePixelShader.usf" 277
"D:/Program Files HDD/Epic Games/4.9/Engine/Binaries/Win64/../../../Engine/Shaders/HZBOcclusion.usf" 278
"D:/Program Files HDD/Epic Games/4.9/Engine/Binaries/Win64/../../../Engine/Shaders/OcclusionQueryVertexShader.usf" 279
"D:/Program Files HDD/Epic Games/4.9/Engine/Binaries/Win64/../../../Engine/Shaders/HitProxyPixelShader.usf" 280
"D:/Program Files HDD/Epic Games/4.9/Engine/Binaries/Win64/../../../Engine/Shaders/HitProxyVertexShader.usf" 281
"D:/Program Files HDD/Epic Games/4.9/Engine/Binaries/Win64/../../../Engine/Shaders/ReflectionEnvironmentShaders.usf" 282
"D:/Program Files HDD/Epic Games/4.9/Engine/Binaries/Win64/../../../Engine/Shaders/ReflectionEnvironmentShared.usf" 283
"D:/Program Files HDD/Epic Games/4.9/Engine/Binaries/Win64/../../../Engine/Shaders/SkyLightingShared.usf" 284
"D:/Program Files HDD/Epic Games/4.9/Engine/Binaries/Win64/../../../Engine/Shaders/ReflectionEnvironmentComputeShaders.usf" 285
"D:/Program Files HDD/Epic Games/4.9/Engine/Binaries/Win64/../../../Engine/Shaders/LightShaftShader.usf" 286
"D:/Program Files HDD/Epic Games/4.9/Engine/Binaries/Win64/../../../Engine/Shaders/StationaryLightOverlapShaders.usf" 287
"D:/Program Files HDD/Epic Games/4.9/Engine/Binaries/Win64/../../../Engine/Shaders/DeferredLightPixelShaders.usf" 288
"D:/Program Files HDD/Epic Games/4.9/Engine/Binaries/Win64/../../../Engine/Shaders/DeferredLightVertexShaders.usf" 289
"D:/Program Files HDD/Epic Games/4.9/Engine/Binaries/Win64/../../../Engine/Shaders/LPVVisualise.usf" 290
"D:/Program Files HDD/Epic Games/4.9/Engine/Binaries/Win64/../../../Engine/Shaders/LPVGeometryVolumeCommon.usf" 291
"D:/Program Files HDD/Epic Games/4.9/Engine/Binaries/Win64/../../../Engine/Shaders/LPVDirectLightInject.usf" 292
"D:/Program Files HDD/Epic Games/4.9/Engine/Binaries/Win64/../../../Engine/Shaders/LPVPropagate.usf" 293
"D:/Program Files HDD/Epic Games/4.9/Engine/Binaries/Win64/../../../Engine/Shaders/LPVPacking.usf" 294
"D:/Program Files HDD/Epic Games/4.9/Engine/Binaries/Win64/../../../Engine/Shaders/LPVBuildGeometryVolume.usf" 295
"D:/Program Files HDD/Epic Games/4.9/Engine/Binaries/Win64/../../../Engine/Shaders/LpvDirectionalOcclusion.usf" 296
"D:/Program Files HDD/Epic Games/4.9/Engine/Binaries/Win64/../../../Engine/Shaders/LPVInject_AccumulateVplLists.usf" 297
"D:/Program Files HDD/Epic Games/4.9/Engine/Binaries/Win64/../../../Engine/Shaders/LPVInject_GenerateVplLists.usf" 298
"D:/Program Files HDD/Epic Games/4.9/Engine/Binaries/Win64/../../../Engine/Shaders/LPVClearLists.usf" 299
"D:/Program Files HDD/Epic Games/4.9/Engine/Binaries/Win64/../../../Engine/Shaders/LPVClear.usf" 300
"D:/Program Files HDD/Epic Games/4.9/Engine/Binaries/Win64/../../../Engine/Shaders/LightMapDensityShader.usf" 301
"D:/Program Files HDD/Epic Games/4.9/Engine/Binaries/Win64/../../../Engine/Shaders/LightFunctionPixelShader.usf" 302
"D:/Program Files HDD/Epic Games/4.9/Engine/Binaries/Win64/../../../Engine/Shaders/LightFunctionVertexShader.usf" 303
"D:/Program Files HDD/Epic Games/4.9/Engine/Binaries/Win64/../../../Engine/Shaders/HeightfieldLighting.usf" 304
"D:/Program Files HDD/Epic Games/4.9/Engine/Binaries/Win64/../../../Engine/Shaders/DistanceFieldShadowingShared.usf" 305
"D:/Program Files HDD/Epic Games/4.9/Engine/Binaries/Win64/../../../Engine/Shaders/HdrCustomResolveShaders.usf" 306
"D:/Program Files HDD/Epic Games/4.9/Engine/Binaries/Win64/../../../Engine/Shaders/GPUBenchmark.usf" 307
"D:/Program Files HDD/Epic Games/4.9/Engine/Binaries/Win64/../../../Engine/Shaders/GlobalDistanceField.usf" 308
"D:/Program Files HDD/Epic Games/4.9/Engine/Binaries/Win64/../../../Engine/Shaders/GammaCorrection.usf" 309
"D:/Program Files HDD/Epic Games/4.9/Engine/Binaries/Win64/../../../Engine/Shaders/BasePassForForwardShadingPixelShader.usf" 310
"D:/Program Files HDD/Epic Games/4.9/Engine/Binaries/Win64/../../../Engine/Shaders/BasePassForForwardShadingCommon.usf" 311
"D:/Program Files HDD/Epic Games/4.9/Engine/Binaries/Win64/../../../Engine/Shaders/LightmapCommon.usf" 312
"D:/Program Files HDD/Epic Games/4.9/Engine/Binaries/Win64/../../../Engine/Shaders/BasePassForForwardShadingVertexShader.usf" 313
"D:/Program Files HDD/Epic Games/4.9/Engine/Binaries/Win64/../../../Engine/Shaders/HeightFogCommon.usf" 314
"D:/Program Files HDD/Epic Games/4.9/Engine/Binaries/Win64/../../../Engine/Shaders/HeightFogPixelShader.usf" 315
"D:/Program Files HDD/Epic Games/4.9/Engine/Binaries/Win64/../../../Engine/Shaders/HeightFogVertexShader.usf" 316
"D:/Program Files HDD/Epic Games/4.9/Engine/Binaries/Win64/../../../Engine/Shaders/DistortAccumulatePS.usf" 317
"D:/Program Files HDD/Epic Games/4.9/Engine/Binaries/Win64/../../../Engine/Shaders/DistortAccumulateVS.usf" 318
"D:/Program Files HDD/Epic Games/4.9/Engine/Binaries/Win64/../../../Engine/Shaders/DistortApplyScreenPS.usf" 319
"D:/Program Files HDD/Epic Games/4.9/Engine/Binaries/Win64/../../../Engine/Shaders/DistanceFieldSurfaceCacheLighting.usf" 320
"D:/Program Files HDD/Epic Games/4.9/Engine/Binaries/Win64/../../../Engine/Shaders/SkyLighting.usf" 321
"D:/Program Files HDD/Epic Games/4.9/Engine/Binaries/Win64/../../../Engine/Shaders/DistanceFieldSurfaceCacheLightingCompute.usf" 322
"D:/Program Files HDD/Epic Games/4.9/Engine/Binaries/Win64/../../../Engine/Shaders/DistanceFieldShadowing.usf" 323
"D:/Program Files HDD/Epic Games/4.9/Engine/Binaries/Win64/../../../Engine/Shaders/DistanceFieldScreenGridLighting.usf" 324
"D:/Program Files HDD/Epic Games/4.9/Engine/Binaries/Win64/../../../Engine/Shaders/DistanceFieldLightingPost.usf" 325
"D:/Program Files HDD/Epic Games/4.9/Engine/Binaries/Win64/../../../Engine/Shaders/DistanceFieldGlobalIllumination.usf" 326
"D:/Program Files HDD/Epic Games/4.9/Engine/Binaries/Win64/../../../Engine/Shaders/DepthOnlyPixelShader.usf" 327
"D:/Program Files HDD/Epic Games/4.9/Engine/Binaries/Win64/../../../Engine/Shaders/DepthOnlyVertexShader.usf" 328
"D:/Program Files HDD/Epic Games/4.9/Engine/Binaries/Win64/../../../Engine/Shaders/PositionOnlyDepthVertexShader.usf" 329
"D:/Program Files HDD/Epic Games/4.9/Engine/Binaries/Win64/../../../Engine/Shaders/DownsampleDepthPixelShader.usf" 330
"D:/Program Files HDD/Epic Games/4.9/Engine/Binaries/Win64/../../../Engine/Shaders/EvaluateSurfelMaterial.usf" 331
"D:/Program Files HDD/Epic Games/4.9/Engine/Binaries/Win64/../../../Engine/Shaders/ConvertToUniformMesh.usf" 332
"D:/Program Files HDD/Epic Games/4.9/Engine/Binaries/Win64/../../../Engine/Shaders/BasePassPixelShader.usf" 333
"D:/Program Files HDD/Epic Games/4.9/Engine/Binaries/Win64/../../../Engine/Shaders/BasePassCommon.usf" 334
"D:/Program Files HDD/Epic Games/4.9/Engine/Binaries/Win64/../../../Engine/Shaders/ForEachLight.usf" 335
"D:/Program Files HDD/Epic Games/4.9/Engine/Binaries/Win64/../../../Engine/Shaders/BasePassVertexShader.usf" 336
"D:/Program Files HDD/Epic Games/4.9/Engine/Binaries/Win64/../../../Engine/Shaders/BasePassVertexCommon.usf" 337
"D:/Program Files HDD/Epic Games/4.9/Engine/Binaries/Win64/../../../Engine/Shaders/BasePassTessellationShaders.usf" 338
"D:/Program Files HDD/Epic Games/4.9/Engine/Binaries/Win64/../../../Engine/Shaders/AtmospherePrecompute.usf" 339
"D:/Program Files HDD/Epic Games/4.9/Engine/Binaries/Win64/../../../Engine/Shaders/AtmospherePrecomputeCommon.usf" 340
"D:/Program Files HDD/Epic Games/4.9/Engine/Binaries/Win64/../../../Engine/Shaders/AtmospherePrecomputeInscatter.usf" 341
"D:/Program Files HDD/Epic Games/4.9/Engine/Binaries/Win64/../../../Engine/Shaders/AtmosphericFogShader.usf" 342
"D:/Program Files HDD/Epic Games/4.9/Engine/Binaries/Win64/../../../Engine/Shaders/ResolveVertexShader.usf" 343
"D:/Program Files HDD/Epic Games/4.9/Engine/Binaries/Win64/../../../Engine/Shaders/ResolvePixelShader.usf" 344
"D:/Program Files HDD/Epic Games/4.9/Engine/Binaries/Win64/../../../Engine/Shaders/OneColorShader.usf" 345
"D:/Program Files HDD/Epic Games/4.9/Engine/Binaries/Win64/../../../Engine/Shaders/MediaShaders.usf" 346
"D:/Program Files HDD/Epic Games/4.9/Engine/Binaries/Win64/../../../Engine/Shaders/ClearReplacementShaders.usf" 347
"D:/Program Files HDD/Epic Games/4.9/Engine/Binaries/Win64/../../../Engine/Shaders/SimpleElementTexture2DPreviewPixelShader.usf" 348
"D:/Program Files HDD/Epic Games/4.9/Engine/Binaries/Win64/../../../Engine/Shaders/SimpleElementNormalMapPixelShader.usf" 349
"D:/Program Files HDD/Epic Games/4.9/Engine/Binaries/Win64/../../../Engine/Shaders/meshpaintdilatepixelshader.usf" 350
"D:/Program Files HDD/Epic Games/4.9/Engine/Binaries/Win64/../../../Engine/Shaders/meshpaintdilatevertexshader.usf" 351
"D:/Program Files HDD/Epic Games/4.9/Engine/Binaries/Win64/../../../Engine/Shaders/MeshPaintPixelShader.usf" 352
"D:/Program Files HDD/Epic Games/4.9/Engine/Binaries/Win64/../../../Engine/Shaders/MeshPaintVertexShader.usf" 353
"../../../Engine/Config/Android/AndroidEngine.ini" 354
"../../../Engine/Config/IOS/IOSEngine.ini" 355
"../../../Engine/Config/Linux/LinuxEngine.ini" 356
"C:/Users/Rebekah/AppData/Local/UnrealEngine/4.9/DerivedDataCache/Boot.ddc" 357
"../../../Engine/DerivedDataCache/Compressed.ddp" 358
"../../../Engine/Content/EngineFonts/Roboto.uasset" 359
"../../../Engine/Content/EngineMaterials/Widget3DPassThrough_Translucent.uasset" 360
"../../../Engine/Content/EngineMaterials/Widget3DPassThrough.uasset" 361
"../../../Engine/Content/Functions/Engine_MaterialFunctions02/Texturing/ScreenAlignedUVs.uasset" 362
"../../../Engine/Content/EngineResources/WhiteSquareTexture.uasset" 363
"../../../Engine/Content/Functions/Engine_MaterialFunctions01/Shading/PowerToRoughness.uasset" 364
"../../../Engine/Content/Functions/Engine_MaterialFunctions01/Shading/ConvertFromDiffSpec.uasset" 365
"../../../Engine/Content/EngineMaterials/WorldGridMaterial.uasset" 366
"../../../Engine/Content/Functions/Engine_MaterialFunctions01/Opacity/CameraDepthFade.uasset" 367
"../../../Engine/Content/EngineMaterials/T_Default_Material_Grid_M.uasset" 368
"../../../Engine/Content/EngineMaterials/T_Default_Material_Grid_N.uasset" 369
"../../../Engine/Content/EngineMaterials/DefaultDeferredDecalMaterial.uasset" 370
"../../../Engine/Content/EngineMaterials/DefaultDiffuse.uasset" 371
"../../../Engine/Content/EngineMaterials/DefaultLightFunctionMaterial.uasset" 372
"../../../Engine/Content/EngineMaterials/DefaultPostProcessMaterial.uasset" 373
"../../../Engine/Content/Functions/Engine_MaterialFunctions02/Utility/BreakOutFloat2Components.uasset" 374
"../../../Engine/Content/EngineResources/DefaultTexture.uasset" 375
"../../../Engine/Content/EngineMaterials/Widget3DPassThrough_Translucent_OneSided.uasset" 376
"../../../Engine/Content/EngineMaterials/Widget3DPassThrough_Opaque.uasset" 377
"../../../Engine/Content/EngineMaterials/Widget3DPassThrough_Opaque_OneSided.uasset" 378
"../../../Engine/Content/EngineMaterials/Widget3DPassThrough_Masked.uasset" 379
"../../../Engine/Content/EngineMaterials/Widget3DPassThrough_Masked_OneSided.uasset" 380
"../../../Engine/Content/EditorResources/S_Actor.uasset" 381
"D:/My Documents/Final Year Project/Prototypes/BoidsProject/Saved/Config/Windows/TemplateDefs.ini" 382
"../../../../../../My Documents/Final Year Project/Prototypes/BoidsProject/Intermediate/Config/CoalescedSourceConfigs/TemplateDefs.ini" 383
"D:/My Documents/Final Year Project/Prototypes/BoidsProject/Saved/Config/Windows/GameplayTags.ini" 384
"../../../../../../My Documents/Final Year Project/Prototypes/BoidsProject/Intermediate/Config/CoalescedSourceConfigs/GameplayTags.ini" 385
"../../../Engine/Content/Maps/Templates/Thumbnails/Default.uasset" 386
"../../../Engine/Content/EditorMaterials/ParticleSystems/PSysThumbnail_NoImage.uasset" 387
"../../../Engine/Content/EditorMaterials/ParticleSystems/PSysThumbnail_OOD.uasset" 388
"../../../Engine/Content/EditorLandscapeResources/DataLayer.uasset" 389
"../../../Engine/Content/EngineDamageTypes/DmgTypeBP_Environmental.uasset" 390
"..\..\..\Engine\Content\Internationalization\icudt53l\numberingSystems.res" 391
"..\..\..\Engine\Content\Internationalization\icudt53l\curr\supplementalData.res" 392
"..\..\..\Engine\Content\Internationalization\icudt53l\curr\pool.res" 393
"..\..\..\Engine\Content\Internationalization\icudt53l\curr\en_GB.res" 394
"..\..\..\Engine\Content\Internationalization\icudt53l\curr\en_001.res" 395
"..\..\..\Engine\Content\Internationalization\icudt53l\curr\en.res" 396
"..\..\..\Engine\Content\Internationalization\icudt53l\curr\root.res" 397
"../../../Engine/Content/EngineMeshes/Sphere.uasset" 398
"../../../Engine/Content/EngineFonts/RobotoDistanceField.uasset" 399
"../../../Engine/Content/EngineMaterials/DefaultTextMaterialOpaque.uasset" 400
"../../../Engine/Content/EditorResources/S_Trigger.uasset" 401
"../../../Engine/Content/EngineResources/GradientTexture0.uasset" 402
"../../../Engine/Content/EngineResources/Black.uasset" 403
"../../../Engine/Content/EditorMaterials/MatineeGroups/MAT_Groups_Float.uasset" 404
"../../../Engine/Content/EditorMaterials/MatineeGroups/MAT_Groups_Director.uasset" 405
"../../../Engine/Content/EditorMaterials/MatineeGroups/MAT_Groups_Event.uasset" 406
"../../../Engine/Content/EditorMaterials/MatineeGroups/MAT_Groups_Anim.uasset" 407
"../../../Engine/Content/EditorMaterials/MatineeGroups/MAT_Groups_Fade.uasset" 408
"../../../Engine/Content/EditorMaterials/MatineeGroups/MAT_Groups_Move.uasset" 409
"../../../Engine/Content/EditorMaterials/MatineeGroups/MAT_Groups_Slomo.uasset" 410
"../../../Engine/Content/EditorMaterials/MatineeGroups/MAT_ColorTrack.uasset" 411
"../../../Engine/Content/EditorMaterials/MAT_Groups_Toggle.uasset" 412
"../../../Engine/Content/EditorMaterials/MatineeGroups/MAT_Groups_AudioMaster.uasset" 413
"../../../Engine/Content/EditorMaterials/MatineeGroups/MAT_Groups_Sound.uasset" 414
"../../../Engine/Content/EditorMaterials/MatineeGroups/MAT_Groups_Vector.uasset" 415
"../../../Engine/Content/EditorMaterials/MAT_Groups_Visibility.uasset" 416
"../../../Engine/Content/EngineResources/DefaultTextureCube.uasset" 417
"../../../Engine/Content/EngineSounds/Master.uasset" 418
"../../../Engine/Content/EngineSounds/Music.uasset" 419
"../../../Engine/Content/EngineSounds/SFX.uasset" 420
"../../../Engine/Content/EngineSounds/Normal_Attack.uasset" 421
"../../../Engine/Content/EngineSounds/Special_Attack_PSM.uasset" 422
"../../../Engine/Content/EngineSounds/Duck_Normal_Attack_MixMod.uasset" 423
"../../../Engine/Content/EngineSounds/Voice.uasset" 424
"../../../Engine/Content/EngineMeshes/Cylinder.uasset" 425
"../../../Engine/Content/EngineMaterials/DefaultMaterial.uasset" 426
"../../../Engine/Content/EngineTireTypes/DefaultTireType.uasset" 427
"../../../Engine/Content/Editor/Slate/Fonts/FontAwesome.ttf" 428
"../../../Engine/Content/Editor/Slate/Fonts/DroidSansMono.ttf" 429
"../../../Engine/Content/Editor/Slate/Fonts/Roboto-BoldCondensed.ttf" 430
"../../../Engine/Content/Editor/Slate/Fonts/Roboto-Black.ttf" 431
"../../../Engine/Content/Editor/Slate/Fonts/Roboto-Italic.ttf" 432
"../../../Engine/Content/Editor/Slate/Fonts/Roboto-BoldCondensedItalic.ttf" 433
"..\..\..\Engine\Content\Internationalization\icudt53l\coll\ucadata.icu" 434
"..\..\..\Engine\Content\Internationalization\icudt53l\nfc.nrm" 435
"..\..\..\Engine\Content\Internationalization\icudt53l\coll\en.res" 436
"..\..\..\Engine\Content\Internationalization\icudt53l\coll\root.res" 437
"../../../Engine/Content/EngineResources/AICON-Red.uasset" 438
"../../../Engine/Content/EngineResources/AICON-Green.uasset" 439
"../../../Engine/Content/Tutorial/Basics/LevelEditorOverview.uasset" 440
"../../../Engine/Content/Tutorial/Basics/TutorialAssets/icon_tab_Levels_40x.uasset" 441
"../../../Engine/Content/Tutorial/Basics/LevelEditorAttract.uasset" 442
"../../../Engine/Content/Tutorial/BlueprintTutorials/BlueprintEditorTutorial.uasset" 443
"../../../Engine/Content/Tutorial/BlueprintTutorials/TutorialAssets/Blueprint_64x.uasset" 444
"../../../Engine/Content/Tutorial/ContentIntroCurve.uasset" 445
"../../../Engine/Plugins/2D/Paper2D/Content/MaskedUnlitSpriteMaterial.uasset" 446
"../../../Engine/Plugins/2D/Paper2D/Content/DefaultSpriteMaterial.uasset" 447
"../../../Engine/Plugins/2D/Paper2D/Content/DummySpriteTexture.uasset" 448
"../../../Engine/Plugins/2D/Paper2D/Content/PlaceholderTextures/DummySpriteTexture.uasset" 449
"../../../Engine/Plugins/2D/Paper2D/Content/OpaqueUnlitSpriteMaterial.uasset" 450
"../../../Engine/Plugins/2D/Paper2D/Content/DefaultPaperTerrainMaterial.uasset" 451
"../../../Engine/Plugins/2D/Paper2D/Content/DummySprite.uasset" 452
"../../../../../../My Documents/Final Year Project/Prototypes/BoidsProject/Content/Meshes/paperplane1_0.uasset" 453
"C:/Users/Rebekah/AppData/Local/UnrealEngine/4.9/Saved/Config/Windows/SourceControlSettings.ini" 454
"../../../../../../My Documents/Final Year Project/Prototypes/BoidsProject/Intermediate/Config/CoalescedSourceConfigs/SourceControlSettings.ini" 455
"D:/My Documents/Final Year Project/Prototypes/BoidsProject/Saved/Config/Windows/SourceControlSettings.ini" 456
"../../../Engine/Plugins/Runtime/LeapMotionController/Content/LM_CapsuleMesh.uasset" 457
"../../../Engine/Plugins/Runtime/LeapMotionController/Content/LM_TorusMesh.uasset" 458
"../../../Engine/Plugins/Runtime/LeapMotionController/Content/LM_HandColor.uasset" 459
"../../../Engine/Plugins/Runtime/LeapMotionController/Content/LM_PassthroughMaterial.uasset" 460
"../../../Engine/Plugins/Runtime/LeapMotionController/Content/LM_SampleDistortion.uasset" 461
"../../../Engine/Plugins/Runtime/LeapMotionController/Content/LM_TestTexture.uasset" 462
"../../../Engine/Content/BasicShapes/Cube.uasset" 463
"../../../Engine/Content/EngineMaterials/RemoveSurfaceMaterial.uasset" 464
"../../../Engine/Content/EngineDebugMaterials/DebugMeshMaterial.uasset" 465
"../../../Engine/Content/EngineMaterials/M_InvalidLightmapSettings.uasset" 466
"../../../Engine/Content/EngineMaterials/InvalidLightmapSettings.uasset" 467
"../../../Engine/Content/EditorMaterials/GizmoMaterial.uasset" 468
"../../../Engine/Content/EngineMaterials/Good64x64TilingNoiseHighFreq.uasset" 469
"../../../Engine/Content/EngineMaterials/DefaultBokeh.uasset" 470
"../../../Engine/Content/EngineMaterials/PreintegratedSkinBRDF.uasset" 471
"../../../Engine/Content/EngineMaterials/MiniFont.uasset" 472
"../../../Engine/Content/EngineMaterials/WeightMapPlaceholderTexture.uasset" 473
"../../../Engine/Content/EngineMaterials/DefaultWhiteGrid.uasset" 474
"../../../Engine/Content/EngineMaterials/DefaultPhysicalMaterial.uasset" 475
"../../../Engine/Content/EngineFonts/RobotoTiny.uasset" 476
"../../../../../../My Documents/Final Year Project/Prototypes/BoidsProject/Intermediate/CachedAssetRegistry.bin" 477
"../../../../../../My Documents/Final Year Project/Prototypes/BoidsProject/Content/Levels/LevelOne.umap" 478
"../../../../../../My Documents/Final Year Project/Prototypes/BoidsProject/Saved/Autosaves/Game/BlueColorMaterial_Auto1.uasset" 479
"../../../../../../My Documents/Final Year Project/Prototypes/BoidsProject/Saved/Autosaves/Game/BlueColorMaterial_Auto2.uasset" 480
"../../../../../../My Documents/Final Year Project/Prototypes/BoidsProject/Saved/Autosaves/Game/LevelOne_Auto1.umap" 481
"../../../../../../My Documents/Final Year Project/Prototypes/BoidsProject/Saved/Autosaves/Game/LevelOne_Auto2.umap" 482
"../../../../../../My Documents/Final Year Project/Prototypes/BoidsProject/Saved/Autosaves/Game/LevelOne_Auto3.umap" 483
"../../../../../../My Documents/Final Year Project/Prototypes/BoidsProject/Saved/Autosaves/Game/Blueprints/BoidBlueprint_Auto1.uasset" 484
"../../../../../../My Documents/Final Year Project/Prototypes/BoidsProject/Saved/Autosaves/Game/Blueprints/BoidBP_Auto1.uasset" 485
"../../../../../../My Documents/Final Year Project/Prototypes/BoidsProject/Saved/Autosaves/Game/Levels/LevelOne_Auto1.umap" 486
"../../../../../../My Documents/Final Year Project/Prototypes/BoidsProject/Saved/Autosaves/Game/Levels/LevelOne_Auto2.umap" 487
"../../../../../../My Documents/Final Year Project/Prototypes/BoidsProject/Saved/Autosaves/Game/Levels/LevelOne_Auto3.umap" 488
"../../../../../../My Documents/Final Year Project/Prototypes/BoidsProject/Saved/Autosaves/Game/Levels/LevelOne_Auto4.umap" 489
"../../../../../../My Documents/Final Year Project/Prototypes/BoidsProject/Saved/Autosaves/Game/Levels/LevelOne_Auto5.umap" 490
"../../../../../../My Documents/Final Year Project/Prototypes/BoidsProject/Saved/Autosaves/Game/Levels/LevelOne_Auto6.umap" 491
"../../../../../../My Documents/Final Year Project/Prototypes/BoidsProject/Saved/Autosaves/Game/Levels/LevelOne_Auto7.umap" 492
"../../../../../../My Documents/Final Year Project/Prototypes/BoidsProject/Saved/Autosaves/Game/Levels/LevelOne_Auto8.umap" 493
"../../../../../../My Documents/Final Year Project/Prototypes/BoidsProject/Saved/Autosaves/Game/Levels/Untitled_Auto3.umap" 494
"../../../../../../My Documents/Final Year Project/Prototypes/BoidsProject/Saved/Autosaves/Game/Levels/Untitled_Auto4.umap" 495
"../../../../../../My Documents/Final Year Project/Prototypes/BoidsProject/Saved/Autosaves/Game/Meshes/paperplane0_0_Auto3.uasset" 496
"../../../../../../My Documents/Final Year Project/Prototypes/BoidsProject/Saved/Autosaves/Game/Meshes/paperplane0_1_Auto1.uasset" 497
"../../../../../../My Documents/Final Year Project/Prototypes/BoidsProject/Saved/Autosaves/Temp/Untitled_1_Auto1.umap" 498
"../../../../../../My Documents/Final Year Project/Prototypes/BoidsProject/Saved/Autosaves/Temp/Untitled_1_Auto2.umap" 499
"D:/My Documents/Final Year Project/Prototypes/BoidsProject/Saved/Cooked/WindowsNoEditor/BoidsProject/CookedIniVersion.txt" 500
"../../../Engine/Config/HTML5/HTML5Engine.ini" 501
"../../../Engine/Content/MobileResources/HUD/VirtualJoystick_Thumb.uasset" 502
"../../../Engine/Content/EditorResources/BSPVertex.uasset" 503
"../../../Engine/Content/EngineDebugMaterials/WireframeMaterial.uasset" 504
"../../../Engine/Content/EngineDebugMaterials/GeomMaterial.uasset" 505
"../../../Engine/Content/EngineDebugMaterials/LevelColorationLitMaterial.uasset" 506
"../../../Engine/Content/EngineDebugMaterials/LevelColorationUnlitMaterial.uasset" 507
"../../../Engine/Content/EngineDebugMaterials/MAT_LevelColorationLitLightmapUV.uasset" 508
"../../../Engine/Content/EngineDebugMaterials/ShadedLevelColorationLitMaterial.uasset" 509
"../../../Engine/Content/EngineDebugMaterials/ShadedLevelColorationUnlitMateri.uasset" 510
"../../../Engine/Content/EngineDebugMaterials/VertexColorMaterial.uasset" 511
"../../../Engine/Content/EngineDebugMaterials/VertexColorViewMode_ColorOnly.uasset" 512
"../../../Engine/Content/EngineDebugMaterials/VertexColorViewMode_AlphaAsColor.uasset" 513
"../../../Engine/Content/EngineDebugMaterials/VertexColorViewMode_RedOnly.uasset" 514
"../../../Engine/Content/EngineDebugMaterials/VertexColorViewMode_GreenOnly.uasset" 515
"../../../Engine/Content/EngineDebugMaterials/VertexColorViewMode_BlueOnly.uasset" 516
"../../../Engine/Content/EngineDebugMaterials/BoneWeightMaterial.uasset" 517
"../../../Engine/Content/EngineDebugMaterials/HeatmapGradient.uasset" 518
"../../../Engine/Content/EditorMaterials/PhAT_JointLimitMaterial.uasset" 519
"../../../Engine/Content/EditorMaterials/PreviewShadowIndicatorMaterial.uasset" 520
"../../../Engine/Content/EditorMaterials/PreviewShadowIndicator.uasset" 521
"../../../Engine/Content/EngineMaterials/EditorBrushMaterial.uasset" 522
"../../../Engine/Content/EditorMeshes/ColorCalibrator/SM_ColorCalibrator.uasset" 523
"../../../Engine/Content/EditorMeshes/ColorCalibrator/M_ChromeBall.uasset" 524
"../../../Engine/Content/EditorMeshes/ColorCalibrator/M_ClearCoat.uasset" 525
"../../../Engine/Content/EditorMeshes/ColorCalibrator/M_ClearCoatBlack.uasset" 526
"../../../Engine/Content/EditorMeshes/ColorCalibrator/M_ColorGrid.uasset" 527
"../../../Engine/Content/EditorMeshes/ColorCalibrator/T_ColorGrid.uasset" 528
"../../../Engine/Content/EditorMeshes/ColorCalibrator/M_GreyBall.uasset" 529
"../../../Engine/Content/MobileResources/HUD/DefaultVirtualJoysticks.uasset" 530
"../../../Engine/Content/MobileResources/HUD/VirtualJoystick_Background.uasset" 531
"../../../Engine/Content/Tutorial/SubEditors/TutorialAssets/icon_Editor_Preferences_General_40x.uasset" 532
"../../../Engine/Content/Tutorial/Paper2D/TutorialAssets/Paper2DSprite_TutorialIcon.uasset" 533
"../../../Engine/Content/Tutorial/SubEditors/TutorialAssets/icon_ShowSkeletalMeshes_40x.uasset" 534
"../../../Engine/Content/Tutorial/Landscape/TutorialAssets/Landscape.uasset" 535
"../../../Engine/Content/Tutorial/Foliage/TutorialAssets/Foliage.uasset" 536
"../../../Engine/Content/Tutorial/SubEditors/StaticMeshEditorTutorial.uasset" 537
"../../../Engine/Content/EngineMeshes/Cube.uasset" 538
"../../../Engine/Content/Tutorial/BlueprintTutorials/BlueprintMacroLibrariesEditorOverview.uasset" 539
"../../../Engine/Content/Tutorial/BlueprintTutorials/TutorialAssets/BlueprintMacroLibrary_64x.uasset" 540
"../../../Engine/Content/Tutorial/BlueprintTutorials/TutorialAssets/Tutorial_BP_MacroLib.uasset" 541
"../../../Engine/Content/Tutorial/BlueprintTutorials/BlueprintInterfacesEditorOverview.uasset" 542
"../../../Engine/Content/Tutorial/BlueprintTutorials/TutorialAssets/BlueprintInterface_64x.uasset" 543
"../../../Engine/Content/Tutorial/BlueprintTutorials/TutorialAssets/Tutorial_BP_Interface.uasset" 544
"../../../Engine/Content/Tutorial/BlueprintTutorials/LevelBlueprintEditorOverview.uasset" 545
"../../../Engine/Content/Tutorial/SubEditors/DestructibleMeshEditorTutorial.uasset" 546
"../../../Engine/Content/Tutorial/SubEditors/TutorialAssets/Tutorial_DM.uasset" 547
"../../../Engine/Content/EditorMeshes/EditorCube.uasset" 548
"../../../Engine/Content/Tutorial/SubEditors/MaterialEditorTutorial.uasset" 549
"../../../Engine/Content/Tutorial/SubEditors/TutorialAssets/TutorialMaterial.uasset" 550
"../../../Engine/Content/Tutorial/SubEditors/ParticleSystemEditorTutorial.uasset" 551
"../../../Engine/Content/Tutorial/SubEditors/TutorialAssets/TutorialParticleSystem.uasset" 552
"../../../Engine/Content/Tutorial/SubEditors/TutorialAssets/M_smoke_subUV_blackbody.uasset" 553
"../../../Engine/Content/Tutorial/SubEditors/TutorialAssets/T_SmokeSubUV_8X8.uasset" 554
"../../../Engine/Content/Tutorial/SubEditors/TutorialAssets/T_soft_smoke.uasset" 555
"../../../Engine/Content/Tutorial/SubEditors/PersonaAnimEditorTutorial.uasset" 556
"../../../Engine/Content/Tutorial/SubEditors/PersonaAnimEditorWalkthrough.uasset" 557
"../../../Engine/Content/Tutorial/SubEditors/TutorialAssets/Character/NewBlendSpace1D.uasset" 558
"../../../Engine/Content/Tutorial/SubEditors/TutorialAssets/Character/Tutorial_Idle.uasset" 559
"../../../Engine/Content/Tutorial/SubEditors/TutorialAssets/Character/TutorialTPP_Skeleton.uasset" 560
"../../../Engine/Content/Tutorial/SubEditors/TutorialAssets/Character/Tutorial_Walk_Fwd.uasset" 561
"../../../Engine/Content/Tutorial/SubEditors/TutorialAssets/Character/TutorialTPP.uasset" 562
"../../../Engine/Content/Tutorial/SubEditors/TutorialAssets/Character/TutorialTPP_Mat.uasset" 563
"../../../Engine/Content/Tutorial/SubEditors/TutorialAssets/Character/TutorialTPP_PhysicsAsset.uasset" 564
"../../../Engine/Content/Tutorial/SubEditors/PersonaAnimBlueprintEditorWalkthrough.uasset" 565
"../../../Engine/Content/Tutorial/SubEditors/TutorialAssets/Character/TutorialTPP_AnimBlueprint.uasset" 566
"../../../Engine/Content/EditorBlueprintResources/StandardMacros.uasset" 567
"../../../Engine/Content/Tutorial/SubEditors/TutorialAssets/Character/TutorialCharacter.uasset" 568
"../../../Engine/Content/Tutorial/Paper2D/SpriteEditorTutorial.uasset" 569
"../../../Engine/Content/Tutorial/Paper2D/FlipbookEditorTutorial.uasset" 570
"../../../Engine/Content/Tutorial/Paper2D/TutorialAssets/Paper2DFlipbook_TutorialIcon.uasset" 571
"../../../Engine/Content/Tutorial/Landscape/Landscape_Manage_Mode.uasset" 572
"../../../Engine/Content/Tutorial/Landscape/Landscape_Sculpt_Mode.uasset" 573
"../../../Engine/Content/Tutorial/Landscape/Landscape_Painting_Mode.uasset" 574
"../../../Engine/Content/Tutorial/Foliage/Foliage_Intro_Tutorial.uasset" 575
"../../../Engine/Content/Tutorial/Foliage/Foliage_Using_The_Tool_Tutorial.uasset" 576
"../../../Engine/Content/Tutorial/Foliage/Foliage_Settings_Tutorial.uasset" 577
"../../../Engine/Content/MobileResources/HUD/LeftVirtualJoystickOnly.uasset" 578
"../../../Engine/Content/MobileResources/HUD/AnalogHat.uasset" 579
"../../../Engine/Content/MobileResources/T_MobileControls_texture.uasset" 580
"../../../../../../My Documents/Final Year Project/Prototypes/BoidsProject/Content/LevelOne.umap" 581
"../../../Engine/Content/EngineSky/BP_Sky_Sphere.uasset" 582
"../../../Engine/Content/EngineSky/C_Sky_Cloud_Color.uasset" 583
"../../../Engine/Content/EngineSky/C_Sky_Horizon_Color.uasset" 584
"../../../Engine/Content/EngineSky/C_Sky_Zenith_Color.uasset" 585
"../../../Engine/Content/EngineSky/M_Sky_Panning_Clouds2.uasset" 586
"../../../Engine/Content/EngineSky/T_Sky_Blue.uasset" 587
"../../../Engine/Content/EngineSky/T_Sky_Clouds_M.uasset" 588
"../../../Engine/Content/EngineSky/T_Sky_Stars.uasset" 589
"../../../Engine/Content/EngineSky/SM_SkySphere.uasset" 590
"../../../Engine/Content/MapTemplates/SM_Template_Map_Floor.uasset" 591
"../../../../../../My Documents/Final Year Project/Prototypes/BoidsProject/Content/Meshes/paperplane0_1.uasset" 592
"C:/Users/Rebekah/AppData/Local/UnrealEngine/Common/DerivedDataCache/6/7/2/STATICMESH_46A8778361B442A9523C54440EA1E9D_8C68575CEF434CA8A9E1DA4AED8A47BB_F4__A5299389DEF5A18C5AEF741831C441B39FB8F080.udd" 593
"C:/Users/Rebekah/AppData/Local/UnrealEngine/Common/DerivedDataCache/3/3/2/NAVCOLLISION_B89838347A4348138EE337A847529C5C_NAVCOLLISION_X_3E67F1DC4FAEDA394__73CEF4251A91074722643A3A96199A0F542E473A.udd" 594
"C:/Users/Rebekah/AppData/Local/UnrealEngine/Common/DerivedDataCache/0/6/7/PHYSX_1D9C17C451EA4FB88CB7A27536A65DB0_PHYSXPC_3E67F1DC4FAEDA394B277A8FAF22C41__6273F90866ACFE911CEEBE027A6ED05213855652.udd" 595
"../../../../../../My Documents/Final Year Project/Prototypes/BoidsProject/Content/Meshes/paperplane0_0.uasset" 596
"../../../../../../My Documents/Final Year Project/Prototypes/BoidsProject/Content/Materials/BlueColorMaterial.uasset" 597
"C:/Users/Rebekah/AppData/Local/UnrealEngine/Common/DerivedDataCache/6/4/9/STATICMESH_46A8778361B442A9523C54440EA1E9D_8C68575CEF434CA8A9E1DA4AED8A47BB_23__281BB4A6636B60B892D51B726ACB3FAECDE48A9F.udd" 598
"C:/Users/Rebekah/AppData/Local/UnrealEngine/Common/DerivedDataCache/7/3/6/PHYSX_1D9C17C451EA4FB88CB7A27536A65DB0_PHYSXPC_C345E47A458E6218B0FBD3B601012AB__34BE89CE2A6464C061E3B14D5D60AA602C36222D.udd" 599
"C:/Users/Rebekah/AppData/Local/UnrealEngine/Common/DerivedDataCache/5/4/2/NAVCOLLISION_B89838347A4348138EE337A847529C5C_NAVCOLLISION_X_C345E47A458E6218B__0272201F133155152A7647F48FBE6D400B434C1B.udd" 600
"C:/Users/Rebekah/AppData/Local/UnrealEngine/Common/DerivedDataCache/5/0/0/MATSM_984AFA3849534FAA8491540B994BD32E_PCD3D_SM5_3__BC5N_DEV_SL_NODBUF9AD28976__B094FCD9758C9BA921702D7D52B5C6F7D634D3E5.udd" 601
"C:/Users/Rebekah/AppData/Local/UnrealEngine/Common/DerivedDataCache/0/2/6/MATSM_984AFA3849534FAA8491540B994BD32E_PCD3D_SM4_3__BC5N_DEV_SL_NODBUF9AD28976__69EFF880F7FC6EB7B491DD8BFA316C1DC60ACBE1.udd" 602
"../../../../../../My Documents/Final Year Project/Prototypes/BoidsProject/Content/paperplane0_0.uasset" 603
"../../../../../../My Documents/Final Year Project/Prototypes/BoidsProject/Content/BlueColorMaterial.uasset" 604
"../../../Engine/Content/MobileResources/HUD/MobileHUDDirectionStick.uasset" 605
"../../../Engine/Content/MobileResources/HUD/MobileHUDDirectionPad.uasset" 606
"../../../Engine/Content/MobileResources/T_MobileMenu2.uasset" 607
"C:/Users/Rebekah/AppData/Local/UnrealEngine/Common/DerivedDataCache/8/9/9/TEXTURE_814DCC3DC72143F49509781513CB9855_AUTODXT_A6EDD6C841426EBAEB41BDA866FB6__4DD9746790DE4EEB8328AC51076B74BBA0FB16D9.udd" 608
"C:/Users/Rebekah/AppData/Local/UnrealEngine/Common/DerivedDataCache/2/1/0/TEXTURE_814DCC3DC72143F49509781513CB9855_AUTODXT_A6EDD6C841426EBAEB41BDA866FB6__1F325A85E753940989F6E1FA81B2229B3A005A11.udd" 609
"C:/Users/Rebekah/AppData/Local/UnrealEngine/Common/DerivedDataCache/1/5/2/TEXTURE_814DCC3DC72143F49509781513CB9855_AUTODXT_A6EDD6C841426EBAEB41BDA866FB6__0BD372A46F6C56549E93FAA8C6253636B855FEF1.udd" 610
"C:/Users/Rebekah/AppData/Local/UnrealEngine/Common/DerivedDataCache/1/3/3/TEXTURE_814DCC3DC72143F49509781513CB9855_AUTODXT_F7E478B74057AE3BE0988580BCF3A__B9665A1C669D912C21BC3B1A43A091F88F6E5650.udd" 611
"C:/Users/Rebekah/AppData/Local/UnrealEngine/Common/DerivedDataCache/0/1/2/TEXTURE_814DCC3DC72143F49509781513CB9855_DXT1_43981E75492E11BD26A2138B060CA1C6__E5D598C40F9543CED7EDA98DE72369F4F2396615.udd" 612
"C:/Users/Rebekah/AppData/Local/UnrealEngine/Common/DerivedDataCache/3/5/8/TEXTURE_814DCC3DC72143F49509781513CB9855_DXT1_43981E75492E11BD26A2138B060CA1C6__3117CEB0B2A16EE80BC3406DDC745CA0033022BE.udd" 613
"C:/Users/Rebekah/AppData/Local/UnrealEngine/Common/DerivedDataCache/1/4/1/TEXTURE_814DCC3DC72143F49509781513CB9855_DXT1_43981E75492E11BD26A2138B060CA1C6__0003D037BB3EA2A4030602E5F7414CCB152B205E.udd" 614
"C:/Users/Rebekah/AppData/Local/UnrealEngine/Common/DerivedDataCache/1/1/4/TEXTURE_814DCC3DC72143F49509781513CB9855_DXT1_6BA19FB94A8B5258531077B371B58EF0__06193AC7789A4BC63322FDBF70DD8D8E8CBB4E72.udd" 615
"C:/Users/Rebekah/AppData/Local/UnrealEngine/Common/DerivedDataCache/2/0/9/TEXTURE_814DCC3DC72143F49509781513CB9855_G8_B3FF4A8247C0FDD02C673EBD447177F1_0__31392394D63654B264A579D8F6819B4B5B014470.udd" 616
"C:/Users/Rebekah/AppData/Local/UnrealEngine/Common/DerivedDataCache/7/8/3/TEXTURE_814DCC3DC72143F49509781513CB9855_G8_1B8DAC3044A40E70D164398C09B49C46_0__A2F824D0102A428FBDBF572DA9A9CE7A8C00DD42.udd" 617
"C:/Users/Rebekah/AppData/Local/UnrealEngine/Common/DerivedDataCache/4/0/5/TEXTURE_814DCC3DC72143F49509781513CB9855_G8_1B8DAC3044A40E70D164398C09B49C46_0__F941FC8FCBC93421FEC4665F6A1BB69C46F8E42A.udd" 618
"C:/Users/Rebekah/AppData/Local/UnrealEngine/Common/DerivedDataCache/1/1/6/TEXTURE_814DCC3DC72143F49509781513CB9855_G8_1B8DAC3044A40E70D164398C09B49C46_0__C92A7EBE210D80F624A70B4F3D6DF6AD56BF0375.udd" 619
"C:/Users/Rebekah/AppData/Local/UnrealEngine/Common/DerivedDataCache/8/4/4/TEXTURE_814DCC3DC72143F49509781513CB9855_G8_357A9F3F4D6279F750DE01A56DFE8164_0__85BD46B0343660A36123C356F851A2BC27B3EFF4.udd" 620
"../../../Engine/Content/EditorResources/EmptyActor.uasset" 621
"../../../Engine/Content/MobileResources/HUD/MobileHUDButton3.uasset" 622
"../../../Engine/Content/MobileResources/HUD/MobileHUDButton2_off.uasset" 623
"../../../Engine/Content/MobileResources/HUD/T_Castle_ThumbstickOutter.uasset" 624
"../../../Engine/Content/MobileResources/HUD/MobileHUDDirectionPad2.uasset" 625
"../../../Engine/Content/MobileResources/HUD/MobileHUDButton1_on.uasset" 626
"../../../Engine/Content/MobileResources/HUD/MobileHUDButton2_on.uasset" 627
"../../../Engine/Content/MobileResources/HUD/MobileHUDButtonFire.uasset" 628
"../../../Engine/Content/MobileResources/HUD/MobileHUDButton1_off.uasset" 629
"../../../Engine/Content/Maps/Entry.umap" 630
"../../../Engine/Content/EngineMaterials/DefaultNormal.uasset" 631
"../../../Engine/Content/MobileResources/HUD/T_Castle_ThumbstickInner.uasset" 632
"../../../Engine/Content/MobileResources/HUD/MobileHUDDirectionPad3.uasset" 633
"../../../../../../My Documents/Final Year Project/Prototypes/BoidsProject/Saved/Stats/2015.10.22-21.58.16Stats.csv" 634
"..\..\..\Engine\Content\Internationalization\icudt53l\windowsZones.res" 635
"..\..\..\Engine\Content\Internationalization\icudt53l\zoneinfo64.res" 636
"..\..\..\Engine\Content\Internationalization\icudt53l\keyTypeData.res" 637
"..\..\..\Engine\Content\Internationalization\icudt53l\timezoneTypes.res" 638
"..\..\..\Engine\Content\Internationalization\icudt53l\supplementalData.res" 639
"..\..\..\Engine\Content\Internationalization\icudt53l\likelySubtags.res" 640
